[0.129s] DEBUG:colcon:Command line arguments: ['/usr/bin/colcon', 'build']
[0.130s] DEBUG:colcon:Parsed command line arguments: Namespace(log_base=None, log_level=None, verb_name='build', build_base='build', install_base='install', merge_install=False, symlink_install=False, test_result_base=None, continue_on_error=False, executor='parallel', parallel_workers=2, event_handlers=None, ignore_user_meta=False, metas=['./colcon.meta'], base_paths=['.'], packages_ignore=None, packages_ignore_regex=None, paths=None, packages_up_to=None, packages_up_to_regex=None, packages_above=None, packages_above_and_dependencies=None, packages_above_depth=None, packages_select_by_dep=None, packages_skip_by_dep=None, packages_skip_up_to=None, packages_select_build_failed=False, packages_skip_build_finished=False, packages_select_test_failures=False, packages_skip_test_passed=False, packages_select=None, packages_skip=None, packages_select_regex=None, packages_skip_regex=None, packages_start=None, packages_end=None, cmake_args=None, cmake_target=None, cmake_target_skip_unavailable=False, cmake_clean_cache=False, cmake_clean_first=False, cmake_force_configure=False, ament_cmake_args=None, catkin_cmake_args=None, catkin_skip_building_tests=False, mixin_files=None, mixin=None, verb_parser=<colcon_mixin.mixin.mixin_argument.MixinArgumentDecorator object at 0x75fbc0c2dc00>, verb_extension=<colcon_core.verb.build.BuildVerb object at 0x75fbc0db6a70>, main=<bound method BuildVerb.main of <colcon_core.verb.build.BuildVerb object at 0x75fbc0db6a70>>, mixin_verb=('build',))
[0.226s] Level 1:colcon.colcon_core.package_discovery:discover_packages(colcon_meta) check parameters
[0.227s] INFO:colcon.colcon_metadata.package_discovery.colcon_meta:Using configuration from '/root/.colcon/metadata/default/Gazebo.meta'
[0.228s] INFO:colcon.colcon_metadata.package_discovery.colcon_meta:Using configuration from '/root/.colcon/metadata/default/fastrtps.meta'
[0.228s] Level 1:colcon.colcon_core.package_discovery:discover_packages(recursive) check parameters
[0.228s] Level 1:colcon.colcon_core.package_discovery:discover_packages(ignore) check parameters
[0.228s] Level 1:colcon.colcon_core.package_discovery:discover_packages(path) check parameters
[0.229s] Level 1:colcon.colcon_core.package_discovery:discover_packages(colcon_meta) discover
[0.229s] Level 1:colcon.colcon_core.package_discovery:discover_packages(recursive) discover
[0.229s] INFO:colcon.colcon_core.package_discovery:Crawling recursively for packages in '/workspaces/oculus_sonar_driver'
[0.229s] Level 1:colcon.colcon_core.package_identification:_identify(.) by extensions ['ignore', 'ignore_ament_install']
[0.229s] Level 1:colcon.colcon_core.package_identification:_identify(.) by extension 'ignore'
[0.229s] Level 1:colcon.colcon_core.package_identification:_identify(.) by extension 'ignore_ament_install'
[0.230s] Level 1:colcon.colcon_core.package_identification:_identify(.) by extensions ['colcon_pkg']
[0.230s] Level 1:colcon.colcon_core.package_identification:_identify(.) by extension 'colcon_pkg'
[0.230s] Level 1:colcon.colcon_core.package_identification:_identify(.) by extensions ['colcon_meta']
[0.230s] Level 1:colcon.colcon_core.package_identification:_identify(.) by extension 'colcon_meta'
[0.230s] Level 1:colcon.colcon_core.package_identification:_identify(.) by extensions ['ros']
[0.230s] Level 1:colcon.colcon_core.package_identification:_identify(.) by extension 'ros'
[0.247s] DEBUG:colcon.colcon_core.package_identification:Package '.' with type 'ros.catkin' and name 'oculus_sonar_driver'
[0.248s] Level 1:colcon.colcon_core.package_discovery:discover_packages(recursive) using defaults
[0.248s] Level 1:colcon.colcon_core.package_discovery:discover_packages(ignore) discover
[0.248s] Level 1:colcon.colcon_core.package_discovery:discover_packages(ignore) using defaults
[0.248s] Level 1:colcon.colcon_core.package_discovery:discover_packages(path) discover
[0.248s] Level 1:colcon.colcon_core.package_discovery:discover_packages(path) using defaults
[0.266s] Level 5:colcon.colcon_core.verb:set package 'oculus_sonar_driver' build argument 'cmake_args' from command line to 'None'
[0.266s] Level 5:colcon.colcon_core.verb:set package 'oculus_sonar_driver' build argument 'cmake_target' from command line to 'None'
[0.266s] Level 5:colcon.colcon_core.verb:set package 'oculus_sonar_driver' build argument 'cmake_target_skip_unavailable' from command line to 'False'
[0.266s] Level 5:colcon.colcon_core.verb:set package 'oculus_sonar_driver' build argument 'cmake_clean_cache' from command line to 'False'
[0.266s] Level 5:colcon.colcon_core.verb:set package 'oculus_sonar_driver' build argument 'cmake_clean_first' from command line to 'False'
[0.266s] Level 5:colcon.colcon_core.verb:set package 'oculus_sonar_driver' build argument 'cmake_force_configure' from command line to 'False'
[0.266s] Level 5:colcon.colcon_core.verb:set package 'oculus_sonar_driver' build argument 'ament_cmake_args' from command line to 'None'
[0.266s] Level 5:colcon.colcon_core.verb:set package 'oculus_sonar_driver' build argument 'catkin_cmake_args' from command line to 'None'
[0.267s] Level 5:colcon.colcon_core.verb:set package 'oculus_sonar_driver' build argument 'catkin_skip_building_tests' from command line to 'False'
[0.267s] DEBUG:colcon.colcon_core.verb:Building package 'oculus_sonar_driver' with the following arguments: {'ament_cmake_args': None, 'build_base': '/workspaces/oculus_sonar_driver/build/oculus_sonar_driver', 'catkin_cmake_args': None, 'catkin_skip_building_tests': False, 'cmake_args': None, 'cmake_clean_cache': False, 'cmake_clean_first': False, 'cmake_force_configure': False, 'cmake_target': None, 'cmake_target_skip_unavailable': False, 'install_base': '/workspaces/oculus_sonar_driver/install/oculus_sonar_driver', 'merge_install': False, 'path': '/workspaces/oculus_sonar_driver', 'symlink_install': False, 'test_result_base': None}
[0.267s] INFO:colcon.colcon_core.executor:Executing jobs using 'parallel' executor
[0.268s] DEBUG:colcon.colcon_parallel_executor.executor.parallel:run_until_complete
[0.268s] INFO:colcon.colcon_ros.task.catkin.build:Building ROS package in '/workspaces/oculus_sonar_driver' with build type 'catkin'
[0.269s] INFO:colcon.colcon_cmake.task.cmake.build:Building CMake package in '/workspaces/oculus_sonar_driver'
[0.274s] INFO:colcon.colcon_core.plugin_system:Skipping extension 'colcon_core.shell.bat': Not used on non-Windows systems
[0.274s] INFO:colcon.colcon_core.shell:Skip shell extension 'powershell' for command environment: Not usable outside of PowerShell
[0.274s] DEBUG:colcon.colcon_core.shell:Skip shell extension 'dsv' for command environment
[0.288s] DEBUG:colcon.colcon_core.event_handler.log_command:Invoking command in '/workspaces/oculus_sonar_driver/build/oculus_sonar_driver': /usr/bin/cmake /workspaces/oculus_sonar_driver -DCATKIN_INSTALL_INTO_PREFIX_ROOT=0 -DCMAKE_INSTALL_PREFIX=/workspaces/oculus_sonar_driver/install/oculus_sonar_driver
[0.328s] DEBUG:colcon.colcon_core.event_handler.log_command:Invoked command in '/workspaces/oculus_sonar_driver/build/oculus_sonar_driver' returned '1': /usr/bin/cmake /workspaces/oculus_sonar_driver -DCATKIN_INSTALL_INTO_PREFIX_ROOT=0 -DCMAKE_INSTALL_PREFIX=/workspaces/oculus_sonar_driver/install/oculus_sonar_driver
[0.336s] Level 1:colcon.colcon_core.environment:create_environment_scripts_only(oculus_sonar_driver)
[0.341s] Level 1:colcon.colcon_core.environment:checking '/workspaces/oculus_sonar_driver/install/oculus_sonar_driver' for CMake module files
[0.341s] Level 1:colcon.colcon_core.environment:checking '/workspaces/oculus_sonar_driver/install/oculus_sonar_driver' for CMake config files
[0.342s] Level 1:colcon.colcon_core.environment:checking '/workspaces/oculus_sonar_driver/install/oculus_sonar_driver/bin'
[0.342s] Level 1:colcon.colcon_core.environment:checking '/workspaces/oculus_sonar_driver/install/oculus_sonar_driver/lib/pkgconfig/oculus_sonar_driver.pc'
[0.344s] Level 1:colcon.colcon_core.environment:checking '/workspaces/oculus_sonar_driver/install/oculus_sonar_driver/lib/python3.10/site-packages'
[0.345s] Level 1:colcon.colcon_core.environment:checking '/workspaces/oculus_sonar_driver/install/oculus_sonar_driver/bin'
[0.345s] INFO:colcon.colcon_core.shell:Creating package script '/workspaces/oculus_sonar_driver/install/oculus_sonar_driver/share/oculus_sonar_driver/package.ps1'
[0.346s] INFO:colcon.colcon_core.shell:Creating package descriptor '/workspaces/oculus_sonar_driver/install/oculus_sonar_driver/share/oculus_sonar_driver/package.dsv'
[0.347s] INFO:colcon.colcon_core.shell:Creating package script '/workspaces/oculus_sonar_driver/install/oculus_sonar_driver/share/oculus_sonar_driver/package.sh'
[0.348s] INFO:colcon.colcon_core.shell:Creating package script '/workspaces/oculus_sonar_driver/install/oculus_sonar_driver/share/oculus_sonar_driver/package.bash'
[0.349s] INFO:colcon.colcon_core.shell:Creating package script '/workspaces/oculus_sonar_driver/install/oculus_sonar_driver/share/oculus_sonar_driver/package.zsh'
[0.350s] Level 1:colcon.colcon_core.environment:create_file_with_runtime_dependencies(/workspaces/oculus_sonar_driver/install/oculus_sonar_driver/share/colcon-core/packages/oculus_sonar_driver)
[0.360s] DEBUG:colcon.colcon_parallel_executor.executor.parallel:closing loop
[0.360s] DEBUG:colcon.colcon_parallel_executor.executor.parallel:loop closed
[0.360s] DEBUG:colcon.colcon_parallel_executor.executor.parallel:run_until_complete finished with '1'
[0.361s] DEBUG:colcon.colcon_core.event_reactor:joining thread
[0.379s] INFO:colcon.colcon_core.plugin_system:Skipping extension 'colcon_notification.desktop_notification.notify_send': Could not find 'notify-send'
[0.379s] INFO:colcon.colcon_core.plugin_system:Skipping extension 'colcon_notification.desktop_notification.terminal_notifier': Not used on non-Darwin systems
[0.379s] INFO:colcon.colcon_core.plugin_system:Skipping extension 'colcon_notification.desktop_notification.win32': Not used on non-Windows systems
[0.379s] INFO:colcon.colcon_notification.desktop_notification:Sending desktop notification using 'notify2'
[0.379s] DEBUG:colcon.colcon_notification.desktop_notification.notify2:Failed to initialize notify2: org.freedesktop.DBus.Error.NotSupported: Unable to autolaunch a dbus-daemon without a $DISPLAY for X11
[0.380s] DEBUG:colcon.colcon_core.event_reactor:joined thread
[0.380s] INFO:colcon.colcon_core.shell:Creating prefix script '/workspaces/oculus_sonar_driver/install/local_setup.ps1'
[0.382s] INFO:colcon.colcon_core.shell:Creating prefix util module '/workspaces/oculus_sonar_driver/install/_local_setup_util_ps1.py'
[0.384s] INFO:colcon.colcon_core.shell:Creating prefix chain script '/workspaces/oculus_sonar_driver/install/setup.ps1'
[0.386s] INFO:colcon.colcon_core.shell:Creating prefix script '/workspaces/oculus_sonar_driver/install/local_setup.sh'
[0.387s] INFO:colcon.colcon_core.shell:Creating prefix util module '/workspaces/oculus_sonar_driver/install/_local_setup_util_sh.py'
[0.387s] INFO:colcon.colcon_core.shell:Creating prefix chain script '/workspaces/oculus_sonar_driver/install/setup.sh'
[0.388s] INFO:colcon.colcon_core.shell:Creating prefix script '/workspaces/oculus_sonar_driver/install/local_setup.bash'
[0.389s] INFO:colcon.colcon_core.shell:Creating prefix chain script '/workspaces/oculus_sonar_driver/install/setup.bash'
[0.390s] INFO:colcon.colcon_core.shell:Creating prefix script '/workspaces/oculus_sonar_driver/install/local_setup.zsh'
[0.390s] INFO:colcon.colcon_core.shell:Creating prefix chain script '/workspaces/oculus_sonar_driver/install/setup.zsh'
