[0.045s] Invoking command in '/workspaces/oculus_sonar_driver/build/oculus_sonar_driver': /usr/bin/cmake /workspaces/oculus_sonar_driver -DCATKIN_INSTALL_INTO_PREFIX_ROOT=0 -DCMAKE_INSTALL_PREFIX=/workspaces/oculus_sonar_driver/install/oculus_sonar_driver
[0.459s] -- The C compiler identification is GNU 11.4.0
[0.848s] -- The CXX compiler identification is GNU 11.4.0
[0.911s] -- Detecting C compiler ABI info
[1.419s] -- Detecting C compiler ABI info - done
[1.477s] -- Check for working C compiler: /usr/bin/cc - skipped
[1.479s] -- Detecting C compile features
[1.482s] -- Detecting C compile features - done
[1.509s] -- Detecting CXX compiler ABI info
[1.973s] -- Detecting CXX compiler ABI info - done
[2.024s] -- Check for working CXX compiler: /usr/bin/c++ - skipped
[2.028s] -- Detecting CXX compile features
[2.029s] -- Detecting CXX compile features - done
[2.046s] -- Configuring incomplete, errors occurred!
[2.046s] See also "/workspaces/oculus_sonar_driver/build/oculus_sonar_driver/CMakeFiles/CMakeOutput.log".
[2.049s] [31mCMake Error at CMakeLists.txt:10 (find_package):
[2.049s]   By not providing "Findcatkin.cmake" in CMAKE_MODULE_PATH this project has
[2.049s]   asked CMake to find a package configuration file provided by "catkin", but
[2.049s]   CMake did not find one.
[2.049s] 
[2.050s]   Could not find a package configuration file provided by "catkin" with any
[2.050s]   of the following names:
[2.051s] 
[2.053s]     catkinConfig.cmake
[2.053s]     catkin-config.cmake
[2.053s] 
[2.054s]   Add the installation prefix of "catkin" to CMAKE_PREFIX_PATH or set
[2.054s]   "catkin_DIR" to a directory containing one of the above files.  If "catkin"
[2.054s]   provides a separate development package or SDK, be sure it has been
[2.054s]   installed.
[2.054s] 
[2.054s] [0m
[2.080s] Invoked command in '/workspaces/oculus_sonar_driver/build/oculus_sonar_driver' returned '1': /usr/bin/cmake /workspaces/oculus_sonar_driver -DCATKIN_INSTALL_INTO_PREFIX_ROOT=0 -DCMAKE_INSTALL_PREFIX=/workspaces/oculus_sonar_driver/install/oculus_sonar_driver
