[0.967s] DEBUG:colcon:Command line arguments: ['/usr/bin/colcon', 'build']
[0.968s] DEBUG:colcon:Parsed command line arguments: Namespace(log_base=None, log_level=None, verb_name='build', build_base='build', install_base='install', merge_install=False, symlink_install=False, test_result_base=None, continue_on_error=False, executor='parallel', parallel_workers=2, event_handlers=None, ignore_user_meta=False, metas=['./colcon.meta'], base_paths=['.'], packages_ignore=None, packages_ignore_regex=None, paths=None, packages_up_to=None, packages_up_to_regex=None, packages_above=None, packages_above_and_dependencies=None, packages_above_depth=None, packages_select_by_dep=None, packages_skip_by_dep=None, packages_skip_up_to=None, packages_select_build_failed=False, packages_skip_build_finished=False, packages_select_test_failures=False, packages_skip_test_passed=False, packages_select=None, packages_skip=None, packages_select_regex=None, packages_skip_regex=None, packages_start=None, packages_end=None, cmake_args=None, cmake_target=None, cmake_target_skip_unavailable=False, cmake_clean_cache=False, cmake_clean_first=False, cmake_force_configure=False, ament_cmake_args=None, catkin_cmake_args=None, catkin_skip_building_tests=False, mixin_files=None, mixin=None, verb_parser=<colcon_mixin.mixin.mixin_argument.MixinArgumentDecorator object at 0x7391fb49dc00>, verb_extension=<colcon_core.verb.build.BuildVerb object at 0x7391fb626a70>, main=<bound method BuildVerb.main of <colcon_core.verb.build.BuildVerb object at 0x7391fb626a70>>, mixin_verb=('build',))
[1.633s] Level 1:colcon.colcon_core.package_discovery:discover_packages(colcon_meta) check parameters
[1.634s] INFO:colcon.colcon_metadata.package_discovery.colcon_meta:Using configuration from '/root/.colcon/metadata/default/Gazebo.meta'
[1.636s] INFO:colcon.colcon_metadata.package_discovery.colcon_meta:Using configuration from '/root/.colcon/metadata/default/fastrtps.meta'
[1.639s] Level 1:colcon.colcon_core.package_discovery:discover_packages(recursive) check parameters
[1.639s] Level 1:colcon.colcon_core.package_discovery:discover_packages(ignore) check parameters
[1.640s] Level 1:colcon.colcon_core.package_discovery:discover_packages(path) check parameters
[1.640s] Level 1:colcon.colcon_core.package_discovery:discover_packages(colcon_meta) discover
[1.641s] Level 1:colcon.colcon_core.package_discovery:discover_packages(recursive) discover
[1.641s] INFO:colcon.colcon_core.package_discovery:Crawling recursively for packages in '/workspaces/oculus_sonar_driver'
[1.641s] Level 1:colcon.colcon_core.package_identification:_identify(.) by extensions ['ignore', 'ignore_ament_install']
[1.642s] Level 1:colcon.colcon_core.package_identification:_identify(.) by extension 'ignore'
[1.643s] Level 1:colcon.colcon_core.package_identification:_identify(.) by extension 'ignore_ament_install'
[1.644s] Level 1:colcon.colcon_core.package_identification:_identify(.) by extensions ['colcon_pkg']
[1.644s] Level 1:colcon.colcon_core.package_identification:_identify(.) by extension 'colcon_pkg'
[1.644s] Level 1:colcon.colcon_core.package_identification:_identify(.) by extensions ['colcon_meta']
[1.644s] Level 1:colcon.colcon_core.package_identification:_identify(.) by extension 'colcon_meta'
[1.644s] Level 1:colcon.colcon_core.package_identification:_identify(.) by extensions ['ros']
[1.646s] Level 1:colcon.colcon_core.package_identification:_identify(.) by extension 'ros'
[1.750s] DEBUG:colcon.colcon_core.package_identification:Package '.' with type 'ros.catkin' and name 'oculus_sonar_driver'
[1.751s] Level 1:colcon.colcon_core.package_discovery:discover_packages(recursive) using defaults
[1.751s] Level 1:colcon.colcon_core.package_discovery:discover_packages(ignore) discover
[1.751s] Level 1:colcon.colcon_core.package_discovery:discover_packages(ignore) using defaults
[1.751s] Level 1:colcon.colcon_core.package_discovery:discover_packages(path) discover
[1.751s] Level 1:colcon.colcon_core.package_discovery:discover_packages(path) using defaults
[1.948s] Level 5:colcon.colcon_core.verb:set package 'oculus_sonar_driver' build argument 'cmake_args' from command line to 'None'
[1.951s] Level 5:colcon.colcon_core.verb:set package 'oculus_sonar_driver' build argument 'cmake_target' from command line to 'None'
[1.957s] Level 5:colcon.colcon_core.verb:set package 'oculus_sonar_driver' build argument 'cmake_target_skip_unavailable' from command line to 'False'
[1.957s] Level 5:colcon.colcon_core.verb:set package 'oculus_sonar_driver' build argument 'cmake_clean_cache' from command line to 'False'
[1.958s] Level 5:colcon.colcon_core.verb:set package 'oculus_sonar_driver' build argument 'cmake_clean_first' from command line to 'False'
[1.958s] Level 5:colcon.colcon_core.verb:set package 'oculus_sonar_driver' build argument 'cmake_force_configure' from command line to 'False'
[1.958s] Level 5:colcon.colcon_core.verb:set package 'oculus_sonar_driver' build argument 'ament_cmake_args' from command line to 'None'
[1.958s] Level 5:colcon.colcon_core.verb:set package 'oculus_sonar_driver' build argument 'catkin_cmake_args' from command line to 'None'
[1.958s] Level 5:colcon.colcon_core.verb:set package 'oculus_sonar_driver' build argument 'catkin_skip_building_tests' from command line to 'False'
[1.958s] DEBUG:colcon.colcon_core.verb:Building package 'oculus_sonar_driver' with the following arguments: {'ament_cmake_args': None, 'build_base': '/workspaces/oculus_sonar_driver/build/oculus_sonar_driver', 'catkin_cmake_args': None, 'catkin_skip_building_tests': False, 'cmake_args': None, 'cmake_clean_cache': False, 'cmake_clean_first': False, 'cmake_force_configure': False, 'cmake_target': None, 'cmake_target_skip_unavailable': False, 'install_base': '/workspaces/oculus_sonar_driver/install/oculus_sonar_driver', 'merge_install': False, 'path': '/workspaces/oculus_sonar_driver', 'symlink_install': False, 'test_result_base': None}
[1.958s] INFO:colcon.colcon_core.executor:Executing jobs using 'parallel' executor
[1.968s] DEBUG:colcon.colcon_parallel_executor.executor.parallel:run_until_complete
[1.968s] INFO:colcon.colcon_ros.task.catkin.build:Building ROS package in '/workspaces/oculus_sonar_driver' with build type 'catkin'
[1.971s] INFO:colcon.colcon_cmake.task.cmake.build:Building CMake package in '/workspaces/oculus_sonar_driver'
[1.994s] INFO:colcon.colcon_core.plugin_system:Skipping extension 'colcon_core.shell.bat': Not used on non-Windows systems
[1.994s] INFO:colcon.colcon_core.shell:Skip shell extension 'powershell' for command environment: Not usable outside of PowerShell
[1.995s] DEBUG:colcon.colcon_core.shell:Skip shell extension 'dsv' for command environment
[2.046s] DEBUG:colcon.colcon_core.event_handler.log_command:Invoking command in '/workspaces/oculus_sonar_driver/build/oculus_sonar_driver': /usr/bin/cmake /workspaces/oculus_sonar_driver -DCATKIN_INSTALL_INTO_PREFIX_ROOT=0 -DCMAKE_INSTALL_PREFIX=/workspaces/oculus_sonar_driver/install/oculus_sonar_driver
[4.197s] DEBUG:colcon.colcon_core.event_handler.log_command:Invoked command in '/workspaces/oculus_sonar_driver/build/oculus_sonar_driver' returned '1': /usr/bin/cmake /workspaces/oculus_sonar_driver -DCATKIN_INSTALL_INTO_PREFIX_ROOT=0 -DCMAKE_INSTALL_PREFIX=/workspaces/oculus_sonar_driver/install/oculus_sonar_driver
[4.249s] Level 1:colcon.colcon_core.environment:create_environment_scripts_only(oculus_sonar_driver)
[4.263s] Level 1:colcon.colcon_core.environment:checking '/workspaces/oculus_sonar_driver/install/oculus_sonar_driver' for CMake module files
[4.263s] Level 1:colcon.colcon_core.environment:checking '/workspaces/oculus_sonar_driver/install/oculus_sonar_driver' for CMake config files
[4.267s] Level 1:colcon.colcon_core.environment:checking '/workspaces/oculus_sonar_driver/install/oculus_sonar_driver/bin'
[4.268s] Level 1:colcon.colcon_core.environment:checking '/workspaces/oculus_sonar_driver/install/oculus_sonar_driver/lib/pkgconfig/oculus_sonar_driver.pc'
[4.283s] Level 1:colcon.colcon_core.environment:checking '/workspaces/oculus_sonar_driver/install/oculus_sonar_driver/lib/python3.10/site-packages'
[4.283s] Level 1:colcon.colcon_core.environment:checking '/workspaces/oculus_sonar_driver/install/oculus_sonar_driver/bin'
[4.283s] INFO:colcon.colcon_core.shell:Creating package script '/workspaces/oculus_sonar_driver/install/oculus_sonar_driver/share/oculus_sonar_driver/package.ps1'
[4.294s] INFO:colcon.colcon_core.shell:Creating package descriptor '/workspaces/oculus_sonar_driver/install/oculus_sonar_driver/share/oculus_sonar_driver/package.dsv'
[4.298s] INFO:colcon.colcon_core.shell:Creating package script '/workspaces/oculus_sonar_driver/install/oculus_sonar_driver/share/oculus_sonar_driver/package.sh'
[4.307s] INFO:colcon.colcon_core.shell:Creating package script '/workspaces/oculus_sonar_driver/install/oculus_sonar_driver/share/oculus_sonar_driver/package.bash'
[4.319s] INFO:colcon.colcon_core.shell:Creating package script '/workspaces/oculus_sonar_driver/install/oculus_sonar_driver/share/oculus_sonar_driver/package.zsh'
[4.330s] Level 1:colcon.colcon_core.environment:create_file_with_runtime_dependencies(/workspaces/oculus_sonar_driver/install/oculus_sonar_driver/share/colcon-core/packages/oculus_sonar_driver)
[4.343s] DEBUG:colcon.colcon_parallel_executor.executor.parallel:closing loop
[4.344s] DEBUG:colcon.colcon_parallel_executor.executor.parallel:loop closed
[4.344s] DEBUG:colcon.colcon_parallel_executor.executor.parallel:run_until_complete finished with '1'
[4.344s] DEBUG:colcon.colcon_core.event_reactor:joining thread
[4.388s] INFO:colcon.colcon_core.plugin_system:Skipping extension 'colcon_notification.desktop_notification.notify_send': Could not find 'notify-send'
[4.392s] INFO:colcon.colcon_core.plugin_system:Skipping extension 'colcon_notification.desktop_notification.terminal_notifier': Not used on non-Darwin systems
[4.392s] INFO:colcon.colcon_core.plugin_system:Skipping extension 'colcon_notification.desktop_notification.win32': Not used on non-Windows systems
[4.392s] INFO:colcon.colcon_notification.desktop_notification:Sending desktop notification using 'notify2'
[4.392s] DEBUG:colcon.colcon_notification.desktop_notification.notify2:Failed to initialize notify2: org.freedesktop.DBus.Error.NotSupported: Unable to autolaunch a dbus-daemon without a $DISPLAY for X11
[4.396s] DEBUG:colcon.colcon_core.event_reactor:joined thread
[4.397s] INFO:colcon.colcon_core.shell:Creating prefix script '/workspaces/oculus_sonar_driver/install/local_setup.ps1'
[4.416s] INFO:colcon.colcon_core.shell:Creating prefix util module '/workspaces/oculus_sonar_driver/install/_local_setup_util_ps1.py'
[4.435s] INFO:colcon.colcon_core.shell:Creating prefix chain script '/workspaces/oculus_sonar_driver/install/setup.ps1'
[4.450s] INFO:colcon.colcon_core.shell:Creating prefix script '/workspaces/oculus_sonar_driver/install/local_setup.sh'
[4.453s] INFO:colcon.colcon_core.shell:Creating prefix util module '/workspaces/oculus_sonar_driver/install/_local_setup_util_sh.py'
[4.465s] INFO:colcon.colcon_core.shell:Creating prefix chain script '/workspaces/oculus_sonar_driver/install/setup.sh'
[4.475s] INFO:colcon.colcon_core.shell:Creating prefix script '/workspaces/oculus_sonar_driver/install/local_setup.bash'
[4.479s] INFO:colcon.colcon_core.shell:Creating prefix chain script '/workspaces/oculus_sonar_driver/install/setup.bash'
[4.486s] INFO:colcon.colcon_core.shell:Creating prefix script '/workspaces/oculus_sonar_driver/install/local_setup.zsh'
[4.496s] INFO:colcon.colcon_core.shell:Creating prefix chain script '/workspaces/oculus_sonar_driver/install/setup.zsh'
